
> Configure project :app
WARNING: Using flatDir should be avoided because it doesn't support any meta-data formats.

[Incubating] Problems report is available at: file:///D:/SONS%C4%B0TELER%C4%B0M/19-tarihoyunugooglea%C4%B1/android/build/reports/problems/problems-report.html

FAILURE: Build failed with an exception.

* Where:
Build file 'D:\SONSİTELERİM\19-tarihoyunugoogleaı\android\app\build.gradle' line: 54

* What went wrong:
A problem occurred evaluating project ':app'.
> BUG! exception in phase 'semantic analysis' in source unit '_BuildScript_' Unsupported class file major version 69

* Try:
> Run with --stacktrace option to get the stack trace.
> Run with --info or --debug option to get more log output.
> Run with --scan to get full insights.
> Get more help at https://help.gradle.org.

Deprecated Gradle features were used in this build, making it incompatible with Gradle 9.0.

You can use '--warning-mode all' to show the individual deprecation warnings and determine if they come from your own scripts or plugins.

For more on this, please refer to https://docs.gradle.org/8.14.3/userguide/command_line_interface.html#sec:command_line_warnings in the Gradle documentation.

BUILD FAILED in 1s
